{
  "RSpec": {
    "coverage": {
      "/Volumes/USB Extension/Home/Development/Tutorials/ei_bookstore/bookstore-api/config/environment.rb": [
        null,
        1,
        null,
        null,
        1
      ],
      "/Volumes/USB Extension/Home/Development/Tutorials/ei_bookstore/bookstore-api/config/application.rb": [
        1,
        null,
        1,
        null,
        1,
        1,
        1,
        1,
        1,
        1,
        1,
        null,
        null,
        null,
        null,
        1,
        null,
        1,
        1,
        null,
        null,
        null,
        null,
        null,
        null,
        null,
        null,
        null,
        null,
        null,
        null,
        null,
        1,
        null,
        null
      ],
      "/Volumes/USB Extension/Home/Development/Tutorials/ei_bookstore/bookstore-api/config/boot.rb": [
        1,
        null,
        1
      ],
      "/Volumes/USB Extension/Home/Development/Tutorials/ei_bookstore/bookstore-api/config/environments/test.rb": [
        1,
        null,
        null,
        null,
        null,
        null,
        null,
        1,
        null,
        null,
        null,
        null,
        1,
        null,
        null,
        1,
        1,
        null,
        null,
        1,
        1,
        null,
        null,
        1,
        null,
        null,
        1,
        null,
        null,
        null,
        null,
        1,
        null,
        null,
        1,
        null,
        null,
        1,
        null,
        null,
        null,
        null
      ],
      "/Volumes/USB Extension/Home/Development/Tutorials/ei_bookstore/bookstore-api/config/initializers/apitome.rb": [
        1,
        null,
        null,
        null,
        1,
        null,
        null,
        null,
        1,
        null,
        null,
        null,
        1,
        null,
        null,
        1,
        null,
        null,
        null,
        1,
        null,
        null,
        null,
        null,
        1,
        null,
        null,
        null,
        1,
        null,
        null,
        null,
        1,
        null,
        null,
        null,
        1,
        null,
        null,
        null,
        1,
        null
      ],
      "/Volumes/USB Extension/Home/Development/Tutorials/ei_bookstore/bookstore-api/config/initializers/assets.rb": [
        null,
        null,
        null,
        1,
        null,
        null,
        null,
        null,
        null,
        null,
        null
      ],
      "/Volumes/USB Extension/Home/Development/Tutorials/ei_bookstore/bookstore-api/config/initializers/backtrace_silencers.rb": [
        null,
        null,
        null,
        null,
        null,
        null,
        null
      ],
      "/Volumes/USB Extension/Home/Development/Tutorials/ei_bookstore/bookstore-api/config/initializers/cookies_serializer.rb": [
        null,
        null,
        1
      ],
      "/Volumes/USB Extension/Home/Development/Tutorials/ei_bookstore/bookstore-api/config/initializers/filter_parameter_logging.rb": [
        null,
        null,
        null,
        1
      ],
      "/Volumes/USB Extension/Home/Development/Tutorials/ei_bookstore/bookstore-api/config/initializers/inflections.rb": [
        null,
        null,
        null,
        null,
        null,
        null,
        null,
        null,
        null,
        null,
        null,
        null,
        null,
        null,
        null,
        null
      ],
      "/Volumes/USB Extension/Home/Development/Tutorials/ei_bookstore/bookstore-api/config/initializers/jsonapi.rb": [
        1,
        null,
        1,
        null,
        null,
        1,
        null,
        null,
        1,
        null,
        null,
        1,
        null,
        null,
        1,
        1,
        1,
        null,
        null,
        null,
        null,
        null,
        1,
        null,
        null,
        1,
        null,
        null,
        1,
        null,
        1,
        1,
        null,
        null,
        1,
        1,
        null,
        1,
        null,
        null,
        null,
        null,
        null,
        null,
        null,
        null,
        1,
        null,
        null,
        null,
        null,
        1,
        null
      ],
      "/Volumes/USB Extension/Home/Development/Tutorials/ei_bookstore/bookstore-api/config/initializers/mime_types.rb": [
        null,
        null,
        null,
        null
      ],
      "/Volumes/USB Extension/Home/Development/Tutorials/ei_bookstore/bookstore-api/config/initializers/session_store.rb": [
        null,
        null,
        1
      ],
      "/Volumes/USB Extension/Home/Development/Tutorials/ei_bookstore/bookstore-api/config/initializers/wrap_parameters.rb": [
        null,
        null,
        null,
        null,
        null,
        null,
        1,
        1,
        null,
        null,
        null,
        null,
        null,
        null
      ],
      "/Volumes/USB Extension/Home/Development/Tutorials/ei_bookstore/bookstore-api/config/routes.rb": [
        1,
        1,
        1,
        1,
        null,
        null
      ],
      "/Volumes/USB Extension/Home/Development/Tutorials/ei_bookstore/bookstore-api/app/resources/v1/author_resource.rb": [
        1,
        null,
        1,
        1,
        null,
        1,
        1,
        0,
        null,
        null,
        1,
        null,
        null,
        null
      ],
      "/Volumes/USB Extension/Home/Development/Tutorials/ei_bookstore/bookstore-api/app/resources/v1/base_resource.rb": [
        1,
        null,
        1,
        1,
        null,
        1,
        1,
        0,
        null,
        1,
        null,
        null,
        1,
        0,
        null,
        null,
        null
      ],
      "/Volumes/USB Extension/Home/Development/Tutorials/ei_bookstore/bookstore-api/app/resources/v1/publishing_house_resource.rb": [
        1,
        null,
        1,
        1,
        null,
        1,
        1,
        0,
        null,
        null,
        1,
        null,
        null,
        null
      ],
      "/Volumes/USB Extension/Home/Development/Tutorials/ei_bookstore/bookstore-api/app/helpers/application_helper.rb": [
        1,
        null
      ]
    },
    "timestamp": 1453316392
  }
}
